Arguments: 
  C:\Program Files\nodejs\node.exe C:\Program Files (x86)\Yarn\bin\yarn.js install

PATH: 
  C:\Windows\system32;C:\Windows;C:\Windows\System32\Wbem;C:\Windows\System32\WindowsPowerShell\v1.0\;C:\Windows\System32\OpenSSH\;C:\Program Files (x86)\Intel\Intel(R) Management Engine Components\DAL;C:\Program Files\Intel\Intel(R) Management Engine Components\DAL;C:\Program Files (x86)\NVIDIA Corporation\PhysX\Common;C:\Program Files\NVIDIA Corporation\NVIDIA NvDLISR;C:\Program Files\Microsoft VS Code\bin;C:\Program Files\Git\cmd;C:\Program Files\PuTTY\;C:\Program Files (x86)\Google\Cloud SDK\google-cloud-sdk\bin;C:\Program Files\nodejs\;C:\Program Files (x86)\Yarn\bin\;C:\Users\newli\AppData\Local\Microsoft\WindowsApps;C:\Users\newli\AppData\Roaming\npm;C:\Users\newli\AppData\Local\Yarn\bin

Yarn version: 
  1.22.4

Node version: 
  12.18.3

Platform: 
  win32 x64

Trace: 
  Error: EBUSY: resource busy or locked, rmdir 'C:\handow\handow-core\node_modules\puppeteer\.local-chromium\win64-782078\chrome-win'

npm manifest: 
  {
      "name": "handow",
      "version": "v0.11.0",
      "description": "e2e BDD test tool for UAT project",
      "keywords": [
          "test",
          "e2e",
          "bdd",
          "tdd",
          "uat",
          "e2e-test",
          "javascript",
          "test-server",
          "puppeteer",
          "selenium",
          "serenity",
          "jest",
          "jasmine",
          "handow",
          "chromium"
      ],
      "main": "index.js",
      "repository": {
          "type": "git",
          "url": "https://github.com/newlifewj/handow.git"
      },
      "homepage": "http://www.handow.org",
      "author": "Jian Wang",
      "license": "MIT",
      "engines": {
          "node": ">=10.0.0"
      },
      "bin": {
          "handow": "./lib/handow.js"
      },
      "scripts": {
          "start": "",
          "handow": "cross-env NODE_PROGRAM=handow node ./lib/handow.js",
          "demostory": "npm run runBuildsteps && npm run runDemostory",
          "form": "npm run runBuildsteps && npm run runFormStory",
          "demoplan": "npm run runBuildsteps && npm run runDemoplan",
          "runBuildsteps": "node ./lib/handow --buildsteps",
          "runParsestory": "node ./lib/handow --parsestory --/project/stories/basic_2.feature",
          "runFormStory": "node ./lib/handow --story --/project/stories/form_1",
          "runDemostory": "node ./lib/handow --story --/demo/project/stories/demostory",
          "runDemoplan": "node ./lib/handow --plan --/demo/project/demo",
          "labplan": "node ./lib/handow --plan --/project/labPlan_2",
          "HandowLab": "node ./lib/handow --plan --/project/HandowLab",
          "testrun": "node ./test/run.test.js",
          "cotest": "node ./test/coshm.test.js",
          "testRunStop": "node ./test/testRunStop.js"
      },
      "dependencies": {
          "app-root-path": "^3.0.0",
          "deep-extend": "^0.6.0",
          "error-stack-parser": "^2.0.4",
          "errorhandler": "^1.4.3",
          "escodegen": "^1.14.3",
          "esprima": "^4.0.1",
          "expect": "^24.9.0",
          "fs-extra": "^8.1.0",
          "glob": "^7.1.5",
          "lodash": "^4.17.19",
          "log-symbols": "^3.0.0",
          "open": "^7.1.0",
          "pending-xhr-puppeteer": "^2.3.2",
          "puppeteer": "^3.3.0",
          "terminal-kit": "^1.42.0"
      },
      "devDependencies": {
          "axios": "^0.19.2",
          "concurrently": "^3.5.0",
          "cross-env": "^5.1.6",
          "eslint": "^7.7.0",
          "eslint-plugin-import": "^2.22.0",
          "eslint-plugin-node": "^11.1.0",
          "nodemon": "^2.0.4",
          "shelljs": "^0.8.4"
      }
  }

yarn manifest: 
  No manifest

Lockfile: 
  No lockfile
